<?xml version="1.0" encoding="UTF-8"?>
<!-- Generated by org.testng.reporters.JUnitReportReporter -->
<testsuite skipped="0" hostname="DESKTOP-PPOL0UJ" name="saucelab.SauceTest" tests="1" failures="0" timestamp="13 May 2022 15:37:45 GMT" time="7.557" errors="0">
  <testcase name="doLogin" time="7.557" classname="saucelab.SauceTest"/>
</testsuite> <!-- saucelab.SauceTest -->
